<?xml version="1.0" encoding="UTF-8"?>
<!-- Generated by org.testng.reporters.JUnitReportReporter -->
<testsuite skipped="0" hostname="Rashmikanta" name="com.Vtiger.TestScript.LeadCreateTest" tests="1" failures="0" timestamp="24 Jun 2020 19:55:20 GMT" time="22.596" errors="0">
  <testcase name="createLeads" time="22.596" classname="com.Vtiger.TestScript.LeadCreateTest"/>
</testsuite> <!-- com.Vtiger.TestScript.LeadCreateTest -->
