<?xml version="1.0" encoding="UTF-8"?>
<!-- Generated by org.testng.reporters.JUnitReportReporter -->
<testsuite skipped="0" hostname="Rashmikanta" name="com.Vtiger.TestScript.SalesOrderCreateTest" tests="1" failures="0" timestamp="24 Jun 2020 19:27:31 GMT" time="32.229" errors="0">
  <testcase name="salesOrderCreate" time="32.229" classname="com.Vtiger.TestScript.SalesOrderCreateTest"/>
</testsuite> <!-- com.Vtiger.TestScript.SalesOrderCreateTest -->
