<?xml version="1.0" encoding="UTF-8"?>
<!-- Generated by org.testng.reporters.JUnitReportReporter -->
<testsuite skipped="0" hostname="Rashmikanta" name="com.Vtiger.TestScript.SalesOrderCreateTest" tests="1" failures="0" timestamp="24 Jun 2020 14:56:19 GMT" time="17.527" errors="0">
  <testcase name="salesOrderCreate" time="17.527" classname="com.Vtiger.TestScript.SalesOrderCreateTest"/>
</testsuite> <!-- com.Vtiger.TestScript.SalesOrderCreateTest -->
