<?xml version="1.0" encoding="UTF-8"?>
<!-- Generated by org.testng.reporters.JUnitReportReporter -->
<testsuite skipped="0" hostname="DESKTOP-BTM737G" name="com.Vtiger.TestScript.ContactCreateTest" tests="1" failures="0" timestamp="22 Jun 2020 07:33:12 GMT" time="24.699" errors="0">
  <testcase name="createContact" time="24.699" classname="com.Vtiger.TestScript.ContactCreateTest"/>
</testsuite> <!-- com.Vtiger.TestScript.ContactCreateTest -->
