<?xml version="1.0" encoding="UTF-8"?>
<!-- Generated by org.testng.reporters.JUnitReportReporter -->
<testsuite skipped="0" hostname="Rashmikanta" name="com.Vtiger.TestScript.ContactCreateTest" tests="1" failures="0" timestamp="24 Jun 2020 14:55:08 GMT" time="14.495" errors="0">
  <testcase name="createContact" time="14.495" classname="com.Vtiger.TestScript.ContactCreateTest"/>
</testsuite> <!-- com.Vtiger.TestScript.ContactCreateTest -->
