<?xml version="1.0" encoding="UTF-8"?>
<!-- Generated by org.testng.reporters.JUnitReportReporter -->
<testsuite skipped="0" hostname="Rashmikanta" name="com.Vtiger.TestScript.CreateTest" tests="1" failures="0" timestamp="24 Jun 2020 19:34:58 GMT" time="0.034" errors="0">
  <testcase name="createTest" time="0.034" classname="com.Vtiger.TestScript.CreateTest"/>
</testsuite> <!-- com.Vtiger.TestScript.CreateTest -->
