<?xml version="1.0" encoding="UTF-8"?>
<!-- Generated by org.testng.reporters.JUnitReportReporter -->
<testsuite skipped="0" hostname="DESKTOP-BTM737G" name="com.Vtiger.TestScript.LeadTestCreate" tests="1" failures="0" timestamp="19 Jun 2020 06:46:29 GMT" time="65.972" errors="0">
  <testcase name="createLeads" time="65.972" classname="com.Vtiger.TestScript.LeadTestCreate"/>
</testsuite> <!-- com.Vtiger.TestScript.LeadTestCreate -->
