<?xml version="1.0" encoding="UTF-8"?>
<!-- Generated by org.testng.reporters.JUnitReportReporter -->
<testsuite skipped="0" hostname="DESKTOP-BTM737G" name="com.Vtiger.TestScript.SalesOrderCreateTest" tests="1" failures="0" timestamp="22 Jun 2020 16:01:28 GMT" time="27.607" errors="0">
  <testcase name="salesOrderCreate" time="27.607" classname="com.Vtiger.TestScript.SalesOrderCreateTest"/>
</testsuite> <!-- com.Vtiger.TestScript.SalesOrderCreateTest -->
